<?xml version="1.0" encoding="UTF-8"?>
<!-- Generated by org.testng.reporters.JUnitReportReporter -->
<testsuite hostname="LAPTOP-21STD7K1" failures="0" tests="5" name="Activity.Activity05" time="0.232" errors="0" timestamp="2021-08-18T13:01:13 IST" skipped="0">
  <testcase classname="Activity.Activity05" name="pageTitleTest" time="0.022"/>
  <system-out/>
  <testcase classname="Activity.Activity05" name="HeaderTest1" time="0.049"/>
  <system-out/>
  <testcase classname="Activity.Activity05" name="ButtonTest1" time="0.070"/>
  <system-out/>
  <testcase classname="Activity.Activity05" name="HeaderTest2" time="0.042"/>
  <system-out/>
  <testcase classname="Activity.Activity05" name="ButtonTest2" time="0.049"/>
  <system-out/>
</testsuite> <!-- Activity.Activity05 -->
